<<<<<<< HEAD
﻿  animal.cpp
  Liste.cpp
  Main.cpp
  ocean.cpp
  poisson.cpp
  requin.cpp
  util.cpp
C:\Users\PC\source\repos\Wilson-Monke\TP3\TP3\util.cpp(15,13): warning C4244: 'argument' : conversion de 'time_t' en 'unsigned int', perte possible de données
  utilitaire_affichage.cpp
  winBGIm.cpp
C:\Users\PC\source\repos\Wilson-Monke\TP3\TP3\winBGIm.cpp(1008,39): warning C4267: 'argument' : conversion de 'size_t' en 'int', perte possible de données
C:\Users\PC\source\repos\Wilson-Monke\TP3\TP3\winBGIm.cpp(1011,42): warning C4267: 'argument' : conversion de 'size_t' en 'int', perte possible de données
C:\Users\PC\source\repos\Wilson-Monke\TP3\TP3\winBGIm.cpp(1041,45): warning C4267: 'argument' : conversion de 'size_t' en 'int', perte possible de données
C:\Users\PC\source\repos\Wilson-Monke\TP3\TP3\winBGIm.cpp(1050,45): warning C4267: 'argument' : conversion de 'size_t' en 'int', perte possible de données
C:\Users\PC\source\repos\Wilson-Monke\TP3\TP3\winBGIm.cpp(1716,20): warning C4101: 'actualBits' : variable locale non référencée
=======
﻿  Main.cpp
C:\Users\PC\source\repos\Wilson-Monke\TP3\TP3\SimParam.h(18,9): warning C4005: 'NB_JRS_GEST_POISSON' : redéfinition de macro
C:\Users\PC\source\repos\Wilson-Monke\TP3\TP3\SimParam.h(24,9): warning C4005: 'NB_JRS_PUB_REQUIN' : redéfinition de macro
C:\Users\PC\source\repos\Wilson-Monke\TP3\TP3\SimParam.h(25,9): warning C4005: 'NB_JRS_GEST_REQUIN' : redéfinition de macro
C:\Users\PC\source\repos\Wilson-Monke\TP3\TP3\Main.cpp(24,41): warning C4244: '=' : conversion de 'double' en 'int', perte possible de données
C:\Users\PC\source\repos\Wilson-Monke\TP3\TP3\Main.cpp(25,40): warning C4244: '=' : conversion de 'double' en 'int', perte possible de données
  poisson.cpp
>>>>>>> c44d32300d24187752d2f86164f55f89513eb27d
  Génération de code en cours...
  TP3.vcxproj -> C:\Users\PC\Source\Repos\Wilson-Monke\TP3\x64\Debug\TP3.exe
